[2019-02-25 16:06:21] INFO  org.springframework.boot.StartupInfoLogger 48 logStarting - Starting Application on DZ-20180712LHOU with PID 9040 (D:\JavaLunzi\daxie_api\target\classes started by Administrator in D:\JavaLunzi\daxie_api)
[2019-02-25 16:06:21] INFO  org.springframework.boot.SpringApplication 597 logStartupProfileInfo - The following profiles are active: dev
[2019-02-25 16:06:21] INFO  org.springframework.context.support.AbstractApplicationContext 583 prepareRefresh - Refreshing org.springframework.boot.context.embedded.AnnotationConfigEmbeddedWebApplicationContext@298a5e20: startup date [Mon Feb 25 16:06:21 CST 2019]; root of context hierarchy
[2019-02-25 16:06:22] INFO  org.springframework.boot.context.embedded.tomcat.TomcatEmbeddedServletContainer 92 initialize - Tomcat initialized with port(s): 8080 (http)
[2019-02-25 16:06:22] INFO  org.apache.juli.logging.DirectJDKLog 180 log - Starting service [Tomcat]
[2019-02-25 16:06:22] INFO  org.apache.juli.logging.DirectJDKLog 180 log - Starting Servlet Engine: Apache Tomcat/8.5.31
[2019-02-25 16:06:22] INFO  org.apache.juli.logging.DirectJDKLog 180 log - Initializing Spring embedded WebApplicationContext
[2019-02-25 16:06:22] INFO  org.springframework.boot.context.embedded.EmbeddedWebApplicationContext 276 prepareEmbeddedWebApplicationContext - Root WebApplicationContext: initialization completed in 1280 ms
[2019-02-25 16:06:22] INFO  org.springframework.boot.web.servlet.ServletRegistrationBean 190 onStartup - Mapping servlet: 'dispatcherServlet' to [/]
[2019-02-25 16:06:22] INFO  org.springframework.boot.web.servlet.ServletRegistrationBean 190 onStartup - Mapping servlet: 'statViewServlet' to [/druid/*]
[2019-02-25 16:06:22] INFO  org.springframework.boot.web.servlet.AbstractFilterRegistrationBean 258 configure - Mapping filter: 'characterEncodingFilter' to: [/*]
[2019-02-25 16:06:22] INFO  org.springframework.boot.web.servlet.AbstractFilterRegistrationBean 258 configure - Mapping filter: 'hiddenHttpMethodFilter' to: [/*]
[2019-02-25 16:06:22] INFO  org.springframework.boot.web.servlet.AbstractFilterRegistrationBean 258 configure - Mapping filter: 'httpPutFormContentFilter' to: [/*]
[2019-02-25 16:06:22] INFO  org.springframework.boot.web.servlet.AbstractFilterRegistrationBean 258 configure - Mapping filter: 'requestContextFilter' to: [/*]
[2019-02-25 16:06:22] INFO  org.springframework.boot.web.servlet.AbstractFilterRegistrationBean 271 configure - Mapping filter: 'webStatFilter' to urls: [/*]
[2019-02-25 16:06:22] INFO  com.alibaba.druid.spring.boot.autoconfigure.DruidDataSourceAutoConfigure 56 dataSource - Init DruidDataSource
[2019-02-25 16:06:23] INFO  com.alibaba.druid.pool.DruidDataSource 930 init - {dataSource-1} inited
[2019-02-25 16:06:24] INFO  org.springframework.web.servlet.mvc.method.annotation.RequestMappingHandlerAdapter 534 initControllerAdviceCache - Looking for @ControllerAdvice: org.springframework.boot.context.embedded.AnnotationConfigEmbeddedWebApplicationContext@298a5e20: startup date [Mon Feb 25 16:06:21 CST 2019]; root of context hierarchy
[2019-02-25 16:06:24] INFO  org.springframework.web.servlet.handler.AbstractHandlerMethodMapping$MappingRegistry 543 register - Mapped "{[/article/add],methods=[POST]}" onto public com.daxie.daxie_api.core.Result com.daxie.daxie_api.controller.ArticleController.add(com.daxie.daxie_api.model.Article)
[2019-02-25 16:06:24] INFO  org.springframework.web.servlet.handler.AbstractHandlerMethodMapping$MappingRegistry 543 register - Mapped "{[/article/update],methods=[POST]}" onto public com.daxie.daxie_api.core.Result com.daxie.daxie_api.controller.ArticleController.update(com.daxie.daxie_api.model.Article)
[2019-02-25 16:06:24] INFO  org.springframework.web.servlet.handler.AbstractHandlerMethodMapping$MappingRegistry 543 register - Mapped "{[/article/delete],methods=[POST]}" onto public com.daxie.daxie_api.core.Result com.daxie.daxie_api.controller.ArticleController.delete(java.lang.Integer)
[2019-02-25 16:06:24] INFO  org.springframework.web.servlet.handler.AbstractHandlerMethodMapping$MappingRegistry 543 register - Mapped "{[/article/list],methods=[POST]}" onto public com.daxie.daxie_api.core.Result com.daxie.daxie_api.controller.ArticleController.list(java.lang.Integer,java.lang.Integer)
[2019-02-25 16:06:24] INFO  org.springframework.web.servlet.handler.AbstractHandlerMethodMapping$MappingRegistry 543 register - Mapped "{[/article/detail],methods=[POST]}" onto public com.daxie.daxie_api.core.Result com.daxie.daxie_api.controller.ArticleController.detail(java.lang.Integer)
[2019-02-25 16:06:24] INFO  org.springframework.web.servlet.handler.AbstractHandlerMethodMapping$MappingRegistry 543 register - Mapped "{[/comments/add],methods=[POST]}" onto public com.daxie.daxie_api.core.Result com.daxie.daxie_api.controller.CommentsController.add(com.daxie.daxie_api.model.Comments)
[2019-02-25 16:06:24] INFO  org.springframework.web.servlet.handler.AbstractHandlerMethodMapping$MappingRegistry 543 register - Mapped "{[/comments/update],methods=[POST]}" onto public com.daxie.daxie_api.core.Result com.daxie.daxie_api.controller.CommentsController.update(com.daxie.daxie_api.model.Comments)
[2019-02-25 16:06:24] INFO  org.springframework.web.servlet.handler.AbstractHandlerMethodMapping$MappingRegistry 543 register - Mapped "{[/comments/delete],methods=[POST]}" onto public com.daxie.daxie_api.core.Result com.daxie.daxie_api.controller.CommentsController.delete(java.lang.Integer)
[2019-02-25 16:06:24] INFO  org.springframework.web.servlet.handler.AbstractHandlerMethodMapping$MappingRegistry 543 register - Mapped "{[/comments/list],methods=[POST]}" onto public com.daxie.daxie_api.core.Result com.daxie.daxie_api.controller.CommentsController.list(java.lang.Integer,java.lang.Integer)
[2019-02-25 16:06:24] INFO  org.springframework.web.servlet.handler.AbstractHandlerMethodMapping$MappingRegistry 543 register - Mapped "{[/comments/detail],methods=[POST]}" onto public com.daxie.daxie_api.core.Result com.daxie.daxie_api.controller.CommentsController.detail(java.lang.Integer)
[2019-02-25 16:06:24] INFO  org.springframework.web.servlet.handler.AbstractHandlerMethodMapping$MappingRegistry 543 register - Mapped "{[/comments/getCommentList],methods=[POST]}" onto public com.daxie.daxie_api.core.Result com.daxie.daxie_api.controller.CommentsController.getCommentList(java.lang.String)
[2019-02-25 16:06:24] INFO  org.springframework.web.servlet.handler.AbstractHandlerMethodMapping$MappingRegistry 543 register - Mapped "{[/problem/add],methods=[POST]}" onto public com.daxie.daxie_api.core.Result com.daxie.daxie_api.controller.ProblemController.add(com.daxie.daxie_api.model.Problem)
[2019-02-25 16:06:24] INFO  org.springframework.web.servlet.handler.AbstractHandlerMethodMapping$MappingRegistry 543 register - Mapped "{[/problem/update],methods=[POST]}" onto public com.daxie.daxie_api.core.Result com.daxie.daxie_api.controller.ProblemController.update(com.daxie.daxie_api.model.Problem)
[2019-02-25 16:06:24] INFO  org.springframework.web.servlet.handler.AbstractHandlerMethodMapping$MappingRegistry 543 register - Mapped "{[/problem/delete],methods=[POST]}" onto public com.daxie.daxie_api.core.Result com.daxie.daxie_api.controller.ProblemController.delete(java.lang.Integer)
[2019-02-25 16:06:24] INFO  org.springframework.web.servlet.handler.AbstractHandlerMethodMapping$MappingRegistry 543 register - Mapped "{[/problem/list],methods=[POST]}" onto public com.daxie.daxie_api.core.Result com.daxie.daxie_api.controller.ProblemController.list(java.lang.Integer,java.lang.Integer)
[2019-02-25 16:06:24] INFO  org.springframework.web.servlet.handler.AbstractHandlerMethodMapping$MappingRegistry 543 register - Mapped "{[/problem/detail],methods=[POST]}" onto public com.daxie.daxie_api.core.Result com.daxie.daxie_api.controller.ProblemController.detail(java.lang.Integer)
[2019-02-25 16:06:24] INFO  org.springframework.web.servlet.handler.AbstractHandlerMethodMapping$MappingRegistry 543 register - Mapped "{[/relation/add],methods=[POST]}" onto public com.daxie.daxie_api.core.Result com.daxie.daxie_api.controller.RelationController.add(com.daxie.daxie_api.model.Relation)
[2019-02-25 16:06:24] INFO  org.springframework.web.servlet.handler.AbstractHandlerMethodMapping$MappingRegistry 543 register - Mapped "{[/relation/update],methods=[POST]}" onto public com.daxie.daxie_api.core.Result com.daxie.daxie_api.controller.RelationController.update(com.daxie.daxie_api.model.Relation)
[2019-02-25 16:06:24] INFO  org.springframework.web.servlet.handler.AbstractHandlerMethodMapping$MappingRegistry 543 register - Mapped "{[/relation/delete],methods=[POST]}" onto public com.daxie.daxie_api.core.Result com.daxie.daxie_api.controller.RelationController.delete(java.lang.Integer)
[2019-02-25 16:06:24] INFO  org.springframework.web.servlet.handler.AbstractHandlerMethodMapping$MappingRegistry 543 register - Mapped "{[/relation/list],methods=[POST]}" onto public com.daxie.daxie_api.core.Result com.daxie.daxie_api.controller.RelationController.list(java.lang.Integer,java.lang.Integer)
[2019-02-25 16:06:24] INFO  org.springframework.web.servlet.handler.AbstractHandlerMethodMapping$MappingRegistry 543 register - Mapped "{[/relation/detail],methods=[POST]}" onto public com.daxie.daxie_api.core.Result com.daxie.daxie_api.controller.RelationController.detail(java.lang.Integer)
[2019-02-25 16:06:24] INFO  org.springframework.web.servlet.handler.AbstractHandlerMethodMapping$MappingRegistry 543 register - Mapped "{[/relation/getFollew],methods=[POST]}" onto public com.daxie.daxie_api.core.Result com.daxie.daxie_api.controller.RelationController.getFollew(java.lang.String,java.lang.String)
[2019-02-25 16:06:24] INFO  org.springframework.web.servlet.handler.AbstractHandlerMethodMapping$MappingRegistry 543 register - Mapped "{[/reply/add],methods=[POST]}" onto public com.daxie.daxie_api.core.Result com.daxie.daxie_api.controller.ReplyController.add(com.daxie.daxie_api.model.Reply)
[2019-02-25 16:06:24] INFO  org.springframework.web.servlet.handler.AbstractHandlerMethodMapping$MappingRegistry 543 register - Mapped "{[/reply/update],methods=[POST]}" onto public com.daxie.daxie_api.core.Result com.daxie.daxie_api.controller.ReplyController.update(com.daxie.daxie_api.model.Reply)
[2019-02-25 16:06:24] INFO  org.springframework.web.servlet.handler.AbstractHandlerMethodMapping$MappingRegistry 543 register - Mapped "{[/reply/delete],methods=[POST]}" onto public com.daxie.daxie_api.core.Result com.daxie.daxie_api.controller.ReplyController.delete(java.lang.Integer)
[2019-02-25 16:06:24] INFO  org.springframework.web.servlet.handler.AbstractHandlerMethodMapping$MappingRegistry 543 register - Mapped "{[/reply/list],methods=[POST]}" onto public com.daxie.daxie_api.core.Result com.daxie.daxie_api.controller.ReplyController.list(java.lang.Integer,java.lang.Integer)
[2019-02-25 16:06:24] INFO  org.springframework.web.servlet.handler.AbstractHandlerMethodMapping$MappingRegistry 543 register - Mapped "{[/reply/detail],methods=[POST]}" onto public com.daxie.daxie_api.core.Result com.daxie.daxie_api.controller.ReplyController.detail(java.lang.Integer)
[2019-02-25 16:06:24] INFO  org.springframework.web.servlet.handler.AbstractHandlerMethodMapping$MappingRegistry 543 register - Mapped "{[/reply/getReply],methods=[POST]}" onto public com.daxie.daxie_api.core.Result com.daxie.daxie_api.controller.ReplyController.getReply(java.lang.String)
[2019-02-25 16:06:24] INFO  org.springframework.web.servlet.handler.AbstractHandlerMethodMapping$MappingRegistry 543 register - Mapped "{[/sort/add],methods=[POST]}" onto public com.daxie.daxie_api.core.Result com.daxie.daxie_api.controller.SortController.add(com.daxie.daxie_api.model.Sort)
[2019-02-25 16:06:24] INFO  org.springframework.web.servlet.handler.AbstractHandlerMethodMapping$MappingRegistry 543 register - Mapped "{[/sort/update],methods=[POST]}" onto public com.daxie.daxie_api.core.Result com.daxie.daxie_api.controller.SortController.update(com.daxie.daxie_api.model.Sort)
[2019-02-25 16:06:24] INFO  org.springframework.web.servlet.handler.AbstractHandlerMethodMapping$MappingRegistry 543 register - Mapped "{[/sort/delete],methods=[POST]}" onto public com.daxie.daxie_api.core.Result com.daxie.daxie_api.controller.SortController.delete(java.lang.Integer)
[2019-02-25 16:06:24] INFO  org.springframework.web.servlet.handler.AbstractHandlerMethodMapping$MappingRegistry 543 register - Mapped "{[/sort/list],methods=[POST]}" onto public com.daxie.daxie_api.core.Result com.daxie.daxie_api.controller.SortController.list(java.lang.Integer,java.lang.Integer)
[2019-02-25 16:06:24] INFO  org.springframework.web.servlet.handler.AbstractHandlerMethodMapping$MappingRegistry 543 register - Mapped "{[/sort/detail],methods=[POST]}" onto public com.daxie.daxie_api.core.Result com.daxie.daxie_api.controller.SortController.detail(java.lang.Integer)
[2019-02-25 16:06:24] INFO  org.springframework.web.servlet.handler.AbstractHandlerMethodMapping$MappingRegistry 543 register - Mapped "{[/user/add],methods=[POST]}" onto public com.daxie.daxie_api.core.Result com.daxie.daxie_api.controller.UserController.add(com.daxie.daxie_api.model.User)
[2019-02-25 16:06:24] INFO  org.springframework.web.servlet.handler.AbstractHandlerMethodMapping$MappingRegistry 543 register - Mapped "{[/user/register],methods=[POST]}" onto public com.daxie.daxie_api.core.Result com.daxie.daxie_api.controller.UserController.register(com.daxie.daxie_api.model.User)
[2019-02-25 16:06:24] INFO  org.springframework.web.servlet.handler.AbstractHandlerMethodMapping$MappingRegistry 543 register - Mapped "{[/user/update],methods=[POST]}" onto public com.daxie.daxie_api.core.Result com.daxie.daxie_api.controller.UserController.update(com.daxie.daxie_api.model.User)
[2019-02-25 16:06:24] INFO  org.springframework.web.servlet.handler.AbstractHandlerMethodMapping$MappingRegistry 543 register - Mapped "{[/user/delete],methods=[POST]}" onto public com.daxie.daxie_api.core.Result com.daxie.daxie_api.controller.UserController.delete(java.lang.Integer)
[2019-02-25 16:06:24] INFO  org.springframework.web.servlet.handler.AbstractHandlerMethodMapping$MappingRegistry 543 register - Mapped "{[/user/list],methods=[POST]}" onto public com.daxie.daxie_api.core.Result com.daxie.daxie_api.controller.UserController.list(java.lang.Integer,java.lang.Integer)
[2019-02-25 16:06:24] INFO  org.springframework.web.servlet.handler.AbstractHandlerMethodMapping$MappingRegistry 543 register - Mapped "{[/user/detail],methods=[POST]}" onto public com.daxie.daxie_api.core.Result com.daxie.daxie_api.controller.UserController.detail(java.lang.Integer)
[2019-02-25 16:06:24] INFO  org.springframework.web.servlet.handler.AbstractHandlerMethodMapping$MappingRegistry 543 register - Mapped "{[/user/getCode],methods=[POST]}" onto public com.daxie.daxie_api.core.Result com.daxie.daxie_api.controller.UserController.getCode(java.lang.String)
[2019-02-25 16:06:24] INFO  org.springframework.web.servlet.handler.AbstractHandlerMethodMapping$MappingRegistry 543 register - Mapped "{[/user/login],methods=[POST]}" onto public com.daxie.daxie_api.core.Result com.daxie.daxie_api.controller.UserController.login(com.daxie.daxie_api.model.User)
[2019-02-25 16:06:24] INFO  org.springframework.web.servlet.handler.AbstractHandlerMethodMapping$MappingRegistry 543 register - Mapped "{[/user/uploadImage],methods=[POST]}" onto public com.daxie.daxie_api.core.Result com.daxie.daxie_api.controller.UserController.uploadImage(org.springframework.web.multipart.MultipartFile,com.daxie.daxie_api.model.User)
[2019-02-25 16:06:24] INFO  org.springframework.web.servlet.handler.AbstractHandlerMethodMapping$MappingRegistry 543 register - Mapped "{[/error]}" onto public org.springframework.http.ResponseEntity<java.util.Map<java.lang.String, java.lang.Object>> org.springframework.boot.autoconfigure.web.BasicErrorController.error(javax.servlet.http.HttpServletRequest)
[2019-02-25 16:06:24] INFO  org.springframework.web.servlet.handler.AbstractHandlerMethodMapping$MappingRegistry 543 register - Mapped "{[/error],produces=[text/html]}" onto public org.springframework.web.servlet.ModelAndView org.springframework.boot.autoconfigure.web.BasicErrorController.errorHtml(javax.servlet.http.HttpServletRequest,javax.servlet.http.HttpServletResponse)
[2019-02-25 16:06:24] INFO  org.springframework.web.servlet.handler.AbstractUrlHandlerMapping 362 registerHandler - Mapped URL path [/webjars/**] onto handler of type [class org.springframework.web.servlet.resource.ResourceHttpRequestHandler]
[2019-02-25 16:06:24] INFO  org.springframework.web.servlet.handler.AbstractUrlHandlerMapping 362 registerHandler - Mapped URL path [/**] onto handler of type [class org.springframework.web.servlet.resource.ResourceHttpRequestHandler]
[2019-02-25 16:06:24] INFO  org.springframework.web.servlet.handler.AbstractUrlHandlerMapping 362 registerHandler - Mapped URL path [/**/favicon.ico] onto handler of type [class org.springframework.web.servlet.resource.ResourceHttpRequestHandler]
[2019-02-25 16:06:25] INFO  org.springframework.jmx.export.MBeanExporter 431 afterSingletonsInstantiated - Registering beans for JMX exposure on startup
[2019-02-25 16:06:25] INFO  org.springframework.jmx.export.MBeanExporter 918 autodetect - Bean with name 'statFilter' has been autodetected for JMX exposure
[2019-02-25 16:06:25] INFO  org.springframework.jmx.export.MBeanExporter 918 autodetect - Bean with name 'slf4jLogFilter' has been autodetected for JMX exposure
[2019-02-25 16:06:25] INFO  org.springframework.jmx.export.MBeanExporter 918 autodetect - Bean with name 'dataSource' has been autodetected for JMX exposure
[2019-02-25 16:06:25] INFO  org.springframework.jmx.export.MBeanExporter 672 registerBeanInstance - Located MBean 'slf4jLogFilter': registering with JMX server as MBean [com.alibaba.druid.filter.logging:name=slf4jLogFilter,type=Slf4jLogFilter]
[2019-02-25 16:06:25] INFO  org.springframework.jmx.export.MBeanExporter 672 registerBeanInstance - Located MBean 'dataSource': registering with JMX server as MBean [com.alibaba.druid.spring.boot.autoconfigure:name=dataSource,type=DruidDataSourceWrapper]
[2019-02-25 16:06:25] INFO  org.springframework.jmx.export.MBeanExporter 672 registerBeanInstance - Located MBean 'statFilter': registering with JMX server as MBean [com.alibaba.druid.filter.stat:name=statFilter,type=StatFilter]
[2019-02-25 16:06:25] INFO  org.springframework.boot.context.embedded.tomcat.TomcatEmbeddedServletContainer 216 start - Tomcat started on port(s): 8080 (http)
[2019-02-25 16:06:25] INFO  org.springframework.boot.StartupInfoLogger 57 logStarted - Started Application in 4.225 seconds (JVM running for 4.979)
[2019-02-25 16:06:41] INFO  org.apache.juli.logging.DirectJDKLog 180 log - Initializing Spring FrameworkServlet 'dispatcherServlet'
[2019-02-25 16:06:41] INFO  org.springframework.web.servlet.FrameworkServlet 489 initServletBean - FrameworkServlet 'dispatcherServlet': initialization started
[2019-02-25 16:06:41] INFO  org.springframework.web.servlet.FrameworkServlet 508 initServletBean - FrameworkServlet 'dispatcherServlet': initialization completed in 24 ms
[2019-02-25 16:08:17] INFO  org.springframework.boot.StartupInfoLogger 48 logStarting - Starting Application on DZ-20180712LHOU with PID 7728 (D:\JavaLunzi\daxie_api\target\classes started by Administrator in D:\JavaLunzi\daxie_api)
[2019-02-25 16:08:17] INFO  org.springframework.boot.SpringApplication 597 logStartupProfileInfo - The following profiles are active: dev
[2019-02-25 16:08:17] INFO  org.springframework.context.support.AbstractApplicationContext 583 prepareRefresh - Refreshing org.springframework.boot.context.embedded.AnnotationConfigEmbeddedWebApplicationContext@f0c8a99: startup date [Mon Feb 25 16:08:17 CST 2019]; root of context hierarchy
[2019-02-25 16:08:18] INFO  org.springframework.boot.context.embedded.tomcat.TomcatEmbeddedServletContainer 92 initialize - Tomcat initialized with port(s): 8080 (http)
[2019-02-25 16:08:18] INFO  org.apache.juli.logging.DirectJDKLog 180 log - Starting service [Tomcat]
[2019-02-25 16:08:18] INFO  org.apache.juli.logging.DirectJDKLog 180 log - Starting Servlet Engine: Apache Tomcat/8.5.31
[2019-02-25 16:08:18] INFO  org.apache.juli.logging.DirectJDKLog 180 log - Initializing Spring embedded WebApplicationContext
[2019-02-25 16:08:18] INFO  org.springframework.boot.context.embedded.EmbeddedWebApplicationContext 276 prepareEmbeddedWebApplicationContext - Root WebApplicationContext: initialization completed in 1279 ms
[2019-02-25 16:08:18] INFO  org.springframework.boot.web.servlet.ServletRegistrationBean 190 onStartup - Mapping servlet: 'dispatcherServlet' to [/]
[2019-02-25 16:08:18] INFO  org.springframework.boot.web.servlet.ServletRegistrationBean 190 onStartup - Mapping servlet: 'statViewServlet' to [/druid/*]
[2019-02-25 16:08:18] INFO  org.springframework.boot.web.servlet.AbstractFilterRegistrationBean 258 configure - Mapping filter: 'characterEncodingFilter' to: [/*]
[2019-02-25 16:08:18] INFO  org.springframework.boot.web.servlet.AbstractFilterRegistrationBean 258 configure - Mapping filter: 'hiddenHttpMethodFilter' to: [/*]
[2019-02-25 16:08:18] INFO  org.springframework.boot.web.servlet.AbstractFilterRegistrationBean 258 configure - Mapping filter: 'httpPutFormContentFilter' to: [/*]
[2019-02-25 16:08:18] INFO  org.springframework.boot.web.servlet.AbstractFilterRegistrationBean 258 configure - Mapping filter: 'requestContextFilter' to: [/*]
[2019-02-25 16:08:18] INFO  org.springframework.boot.web.servlet.AbstractFilterRegistrationBean 271 configure - Mapping filter: 'webStatFilter' to urls: [/*]
[2019-02-25 16:08:18] INFO  com.alibaba.druid.spring.boot.autoconfigure.DruidDataSourceAutoConfigure 56 dataSource - Init DruidDataSource
[2019-02-25 16:08:19] INFO  com.alibaba.druid.pool.DruidDataSource 930 init - {dataSource-1} inited
[2019-02-25 16:08:20] INFO  org.springframework.web.servlet.mvc.method.annotation.RequestMappingHandlerAdapter 534 initControllerAdviceCache - Looking for @ControllerAdvice: org.springframework.boot.context.embedded.AnnotationConfigEmbeddedWebApplicationContext@f0c8a99: startup date [Mon Feb 25 16:08:17 CST 2019]; root of context hierarchy
[2019-02-25 16:08:20] INFO  org.springframework.web.servlet.handler.AbstractHandlerMethodMapping$MappingRegistry 543 register - Mapped "{[/article/add],methods=[POST]}" onto public com.daxie.daxie_api.core.Result com.daxie.daxie_api.controller.ArticleController.add(com.daxie.daxie_api.model.Article)
[2019-02-25 16:08:20] INFO  org.springframework.web.servlet.handler.AbstractHandlerMethodMapping$MappingRegistry 543 register - Mapped "{[/article/update],methods=[POST]}" onto public com.daxie.daxie_api.core.Result com.daxie.daxie_api.controller.ArticleController.update(com.daxie.daxie_api.model.Article)
[2019-02-25 16:08:20] INFO  org.springframework.web.servlet.handler.AbstractHandlerMethodMapping$MappingRegistry 543 register - Mapped "{[/article/delete],methods=[POST]}" onto public com.daxie.daxie_api.core.Result com.daxie.daxie_api.controller.ArticleController.delete(java.lang.Integer)
[2019-02-25 16:08:20] INFO  org.springframework.web.servlet.handler.AbstractHandlerMethodMapping$MappingRegistry 543 register - Mapped "{[/article/list],methods=[POST]}" onto public com.daxie.daxie_api.core.Result com.daxie.daxie_api.controller.ArticleController.list(java.lang.Integer,java.lang.Integer)
[2019-02-25 16:08:20] INFO  org.springframework.web.servlet.handler.AbstractHandlerMethodMapping$MappingRegistry 543 register - Mapped "{[/article/detail],methods=[POST]}" onto public com.daxie.daxie_api.core.Result com.daxie.daxie_api.controller.ArticleController.detail(java.lang.Integer)
[2019-02-25 16:08:20] INFO  org.springframework.web.servlet.handler.AbstractHandlerMethodMapping$MappingRegistry 543 register - Mapped "{[/comments/add],methods=[POST]}" onto public com.daxie.daxie_api.core.Result com.daxie.daxie_api.controller.CommentsController.add(com.daxie.daxie_api.model.Comments)
[2019-02-25 16:08:20] INFO  org.springframework.web.servlet.handler.AbstractHandlerMethodMapping$MappingRegistry 543 register - Mapped "{[/comments/update],methods=[POST]}" onto public com.daxie.daxie_api.core.Result com.daxie.daxie_api.controller.CommentsController.update(com.daxie.daxie_api.model.Comments)
[2019-02-25 16:08:20] INFO  org.springframework.web.servlet.handler.AbstractHandlerMethodMapping$MappingRegistry 543 register - Mapped "{[/comments/delete],methods=[POST]}" onto public com.daxie.daxie_api.core.Result com.daxie.daxie_api.controller.CommentsController.delete(java.lang.Integer)
[2019-02-25 16:08:20] INFO  org.springframework.web.servlet.handler.AbstractHandlerMethodMapping$MappingRegistry 543 register - Mapped "{[/comments/list],methods=[POST]}" onto public com.daxie.daxie_api.core.Result com.daxie.daxie_api.controller.CommentsController.list(java.lang.Integer,java.lang.Integer)
[2019-02-25 16:08:20] INFO  org.springframework.web.servlet.handler.AbstractHandlerMethodMapping$MappingRegistry 543 register - Mapped "{[/comments/detail],methods=[POST]}" onto public com.daxie.daxie_api.core.Result com.daxie.daxie_api.controller.CommentsController.detail(java.lang.Integer)
[2019-02-25 16:08:20] INFO  org.springframework.web.servlet.handler.AbstractHandlerMethodMapping$MappingRegistry 543 register - Mapped "{[/comments/getCommentList],methods=[POST]}" onto public com.daxie.daxie_api.core.Result com.daxie.daxie_api.controller.CommentsController.getCommentList(java.lang.String)
[2019-02-25 16:08:20] INFO  org.springframework.web.servlet.handler.AbstractHandlerMethodMapping$MappingRegistry 543 register - Mapped "{[/problem/add],methods=[POST]}" onto public com.daxie.daxie_api.core.Result com.daxie.daxie_api.controller.ProblemController.add(com.daxie.daxie_api.model.Problem)
[2019-02-25 16:08:20] INFO  org.springframework.web.servlet.handler.AbstractHandlerMethodMapping$MappingRegistry 543 register - Mapped "{[/problem/update],methods=[POST]}" onto public com.daxie.daxie_api.core.Result com.daxie.daxie_api.controller.ProblemController.update(com.daxie.daxie_api.model.Problem)
[2019-02-25 16:08:20] INFO  org.springframework.web.servlet.handler.AbstractHandlerMethodMapping$MappingRegistry 543 register - Mapped "{[/problem/delete],methods=[POST]}" onto public com.daxie.daxie_api.core.Result com.daxie.daxie_api.controller.ProblemController.delete(java.lang.Integer)
[2019-02-25 16:08:20] INFO  org.springframework.web.servlet.handler.AbstractHandlerMethodMapping$MappingRegistry 543 register - Mapped "{[/problem/list],methods=[POST]}" onto public com.daxie.daxie_api.core.Result com.daxie.daxie_api.controller.ProblemController.list(java.lang.Integer,java.lang.Integer)
[2019-02-25 16:08:20] INFO  org.springframework.web.servlet.handler.AbstractHandlerMethodMapping$MappingRegistry 543 register - Mapped "{[/problem/detail],methods=[POST]}" onto public com.daxie.daxie_api.core.Result com.daxie.daxie_api.controller.ProblemController.detail(java.lang.Integer)
[2019-02-25 16:08:20] INFO  org.springframework.web.servlet.handler.AbstractHandlerMethodMapping$MappingRegistry 543 register - Mapped "{[/relation/add],methods=[POST]}" onto public com.daxie.daxie_api.core.Result com.daxie.daxie_api.controller.RelationController.add(com.daxie.daxie_api.model.Relation)
[2019-02-25 16:08:20] INFO  org.springframework.web.servlet.handler.AbstractHandlerMethodMapping$MappingRegistry 543 register - Mapped "{[/relation/update],methods=[POST]}" onto public com.daxie.daxie_api.core.Result com.daxie.daxie_api.controller.RelationController.update(com.daxie.daxie_api.model.Relation)
[2019-02-25 16:08:20] INFO  org.springframework.web.servlet.handler.AbstractHandlerMethodMapping$MappingRegistry 543 register - Mapped "{[/relation/delete],methods=[POST]}" onto public com.daxie.daxie_api.core.Result com.daxie.daxie_api.controller.RelationController.delete(java.lang.Integer)
[2019-02-25 16:08:20] INFO  org.springframework.web.servlet.handler.AbstractHandlerMethodMapping$MappingRegistry 543 register - Mapped "{[/relation/list],methods=[POST]}" onto public com.daxie.daxie_api.core.Result com.daxie.daxie_api.controller.RelationController.list(java.lang.Integer,java.lang.Integer)
[2019-02-25 16:08:20] INFO  org.springframework.web.servlet.handler.AbstractHandlerMethodMapping$MappingRegistry 543 register - Mapped "{[/relation/detail],methods=[POST]}" onto public com.daxie.daxie_api.core.Result com.daxie.daxie_api.controller.RelationController.detail(java.lang.Integer)
[2019-02-25 16:08:20] INFO  org.springframework.web.servlet.handler.AbstractHandlerMethodMapping$MappingRegistry 543 register - Mapped "{[/relation/getFollew],methods=[POST]}" onto public com.daxie.daxie_api.core.Result com.daxie.daxie_api.controller.RelationController.getFollew(java.lang.String,java.lang.String)
[2019-02-25 16:08:20] INFO  org.springframework.web.servlet.handler.AbstractHandlerMethodMapping$MappingRegistry 543 register - Mapped "{[/reply/add],methods=[POST]}" onto public com.daxie.daxie_api.core.Result com.daxie.daxie_api.controller.ReplyController.add(com.daxie.daxie_api.model.Reply)
[2019-02-25 16:08:20] INFO  org.springframework.web.servlet.handler.AbstractHandlerMethodMapping$MappingRegistry 543 register - Mapped "{[/reply/update],methods=[POST]}" onto public com.daxie.daxie_api.core.Result com.daxie.daxie_api.controller.ReplyController.update(com.daxie.daxie_api.model.Reply)
[2019-02-25 16:08:20] INFO  org.springframework.web.servlet.handler.AbstractHandlerMethodMapping$MappingRegistry 543 register - Mapped "{[/reply/delete],methods=[POST]}" onto public com.daxie.daxie_api.core.Result com.daxie.daxie_api.controller.ReplyController.delete(java.lang.Integer)
[2019-02-25 16:08:20] INFO  org.springframework.web.servlet.handler.AbstractHandlerMethodMapping$MappingRegistry 543 register - Mapped "{[/reply/list],methods=[POST]}" onto public com.daxie.daxie_api.core.Result com.daxie.daxie_api.controller.ReplyController.list(java.lang.Integer,java.lang.Integer)
[2019-02-25 16:08:20] INFO  org.springframework.web.servlet.handler.AbstractHandlerMethodMapping$MappingRegistry 543 register - Mapped "{[/reply/detail],methods=[POST]}" onto public com.daxie.daxie_api.core.Result com.daxie.daxie_api.controller.ReplyController.detail(java.lang.Integer)
[2019-02-25 16:08:20] INFO  org.springframework.web.servlet.handler.AbstractHandlerMethodMapping$MappingRegistry 543 register - Mapped "{[/reply/getReply],methods=[POST]}" onto public com.daxie.daxie_api.core.Result com.daxie.daxie_api.controller.ReplyController.getReply(java.lang.String)
[2019-02-25 16:08:20] INFO  org.springframework.web.servlet.handler.AbstractHandlerMethodMapping$MappingRegistry 543 register - Mapped "{[/sort/add],methods=[POST]}" onto public com.daxie.daxie_api.core.Result com.daxie.daxie_api.controller.SortController.add(com.daxie.daxie_api.model.Sort)
[2019-02-25 16:08:20] INFO  org.springframework.web.servlet.handler.AbstractHandlerMethodMapping$MappingRegistry 543 register - Mapped "{[/sort/update],methods=[POST]}" onto public com.daxie.daxie_api.core.Result com.daxie.daxie_api.controller.SortController.update(com.daxie.daxie_api.model.Sort)
[2019-02-25 16:08:20] INFO  org.springframework.web.servlet.handler.AbstractHandlerMethodMapping$MappingRegistry 543 register - Mapped "{[/sort/delete],methods=[POST]}" onto public com.daxie.daxie_api.core.Result com.daxie.daxie_api.controller.SortController.delete(java.lang.Integer)
[2019-02-25 16:08:20] INFO  org.springframework.web.servlet.handler.AbstractHandlerMethodMapping$MappingRegistry 543 register - Mapped "{[/sort/list],methods=[POST]}" onto public com.daxie.daxie_api.core.Result com.daxie.daxie_api.controller.SortController.list(java.lang.Integer,java.lang.Integer)
[2019-02-25 16:08:20] INFO  org.springframework.web.servlet.handler.AbstractHandlerMethodMapping$MappingRegistry 543 register - Mapped "{[/sort/detail],methods=[POST]}" onto public com.daxie.daxie_api.core.Result com.daxie.daxie_api.controller.SortController.detail(java.lang.Integer)
[2019-02-25 16:08:20] INFO  org.springframework.web.servlet.handler.AbstractHandlerMethodMapping$MappingRegistry 543 register - Mapped "{[/user/add],methods=[POST]}" onto public com.daxie.daxie_api.core.Result com.daxie.daxie_api.controller.UserController.add(com.daxie.daxie_api.model.User)
[2019-02-25 16:08:20] INFO  org.springframework.web.servlet.handler.AbstractHandlerMethodMapping$MappingRegistry 543 register - Mapped "{[/user/register],methods=[POST]}" onto public com.daxie.daxie_api.core.Result com.daxie.daxie_api.controller.UserController.register(com.daxie.daxie_api.model.User)
[2019-02-25 16:08:20] INFO  org.springframework.web.servlet.handler.AbstractHandlerMethodMapping$MappingRegistry 543 register - Mapped "{[/user/update],methods=[POST]}" onto public com.daxie.daxie_api.core.Result com.daxie.daxie_api.controller.UserController.update(com.daxie.daxie_api.model.User)
[2019-02-25 16:08:20] INFO  org.springframework.web.servlet.handler.AbstractHandlerMethodMapping$MappingRegistry 543 register - Mapped "{[/user/delete],methods=[POST]}" onto public com.daxie.daxie_api.core.Result com.daxie.daxie_api.controller.UserController.delete(java.lang.Integer)
[2019-02-25 16:08:20] INFO  org.springframework.web.servlet.handler.AbstractHandlerMethodMapping$MappingRegistry 543 register - Mapped "{[/user/list],methods=[POST]}" onto public com.daxie.daxie_api.core.Result com.daxie.daxie_api.controller.UserController.list(java.lang.Integer,java.lang.Integer)
[2019-02-25 16:08:20] INFO  org.springframework.web.servlet.handler.AbstractHandlerMethodMapping$MappingRegistry 543 register - Mapped "{[/user/detail],methods=[POST]}" onto public com.daxie.daxie_api.core.Result com.daxie.daxie_api.controller.UserController.detail(java.lang.Integer)
[2019-02-25 16:08:20] INFO  org.springframework.web.servlet.handler.AbstractHandlerMethodMapping$MappingRegistry 543 register - Mapped "{[/user/getCode],methods=[POST]}" onto public com.daxie.daxie_api.core.Result com.daxie.daxie_api.controller.UserController.getCode(java.lang.String)
[2019-02-25 16:08:20] INFO  org.springframework.web.servlet.handler.AbstractHandlerMethodMapping$MappingRegistry 543 register - Mapped "{[/user/login],methods=[POST]}" onto public com.daxie.daxie_api.core.Result com.daxie.daxie_api.controller.UserController.login(com.daxie.daxie_api.model.User)
[2019-02-25 16:08:20] INFO  org.springframework.web.servlet.handler.AbstractHandlerMethodMapping$MappingRegistry 543 register - Mapped "{[/user/uploadImage],methods=[POST]}" onto public com.daxie.daxie_api.core.Result com.daxie.daxie_api.controller.UserController.uploadImage(org.springframework.web.multipart.MultipartFile,com.daxie.daxie_api.model.User)
[2019-02-25 16:08:20] INFO  org.springframework.web.servlet.handler.AbstractHandlerMethodMapping$MappingRegistry 543 register - Mapped "{[/error]}" onto public org.springframework.http.ResponseEntity<java.util.Map<java.lang.String, java.lang.Object>> org.springframework.boot.autoconfigure.web.BasicErrorController.error(javax.servlet.http.HttpServletRequest)
[2019-02-25 16:08:20] INFO  org.springframework.web.servlet.handler.AbstractHandlerMethodMapping$MappingRegistry 543 register - Mapped "{[/error],produces=[text/html]}" onto public org.springframework.web.servlet.ModelAndView org.springframework.boot.autoconfigure.web.BasicErrorController.errorHtml(javax.servlet.http.HttpServletRequest,javax.servlet.http.HttpServletResponse)
[2019-02-25 16:08:20] INFO  org.springframework.web.servlet.handler.AbstractUrlHandlerMapping 362 registerHandler - Mapped URL path [/webjars/**] onto handler of type [class org.springframework.web.servlet.resource.ResourceHttpRequestHandler]
[2019-02-25 16:08:20] INFO  org.springframework.web.servlet.handler.AbstractUrlHandlerMapping 362 registerHandler - Mapped URL path [/**] onto handler of type [class org.springframework.web.servlet.resource.ResourceHttpRequestHandler]
[2019-02-25 16:08:20] INFO  org.springframework.web.servlet.handler.AbstractUrlHandlerMapping 362 registerHandler - Mapped URL path [/**/favicon.ico] onto handler of type [class org.springframework.web.servlet.resource.ResourceHttpRequestHandler]
[2019-02-25 16:08:20] INFO  org.springframework.jmx.export.MBeanExporter 431 afterSingletonsInstantiated - Registering beans for JMX exposure on startup
[2019-02-25 16:08:20] INFO  org.springframework.jmx.export.MBeanExporter 918 autodetect - Bean with name 'statFilter' has been autodetected for JMX exposure
[2019-02-25 16:08:20] INFO  org.springframework.jmx.export.MBeanExporter 918 autodetect - Bean with name 'dataSource' has been autodetected for JMX exposure
[2019-02-25 16:08:20] INFO  org.springframework.jmx.export.MBeanExporter 672 registerBeanInstance - Located MBean 'dataSource': registering with JMX server as MBean [com.alibaba.druid.spring.boot.autoconfigure:name=dataSource,type=DruidDataSourceWrapper]
[2019-02-25 16:08:20] INFO  org.springframework.jmx.export.MBeanExporter 672 registerBeanInstance - Located MBean 'statFilter': registering with JMX server as MBean [com.alibaba.druid.filter.stat:name=statFilter,type=StatFilter]
[2019-02-25 16:08:20] INFO  org.springframework.boot.context.embedded.tomcat.TomcatEmbeddedServletContainer 216 start - Tomcat started on port(s): 8080 (http)
[2019-02-25 16:08:20] INFO  org.springframework.boot.StartupInfoLogger 57 logStarted - Started Application in 4.086 seconds (JVM running for 4.869)
[2019-02-25 16:08:40] INFO  org.apache.juli.logging.DirectJDKLog 180 log - Initializing Spring FrameworkServlet 'dispatcherServlet'
[2019-02-25 16:08:40] INFO  org.springframework.web.servlet.FrameworkServlet 489 initServletBean - FrameworkServlet 'dispatcherServlet': initialization started
[2019-02-25 16:08:40] INFO  org.springframework.web.servlet.FrameworkServlet 508 initServletBean - FrameworkServlet 'dispatcherServlet': initialization completed in 34 ms
[2019-02-25 16:14:43] INFO  org.springframework.boot.StartupInfoLogger 48 logStarting - Starting Application on DZ-20180712LHOU with PID 9600 (D:\JavaLunzi\daxie_api\target\classes started by Administrator in D:\JavaLunzi\daxie_api)
[2019-02-25 16:14:43] INFO  org.springframework.boot.SpringApplication 597 logStartupProfileInfo - The following profiles are active: dev
[2019-02-25 16:14:43] INFO  org.springframework.context.support.AbstractApplicationContext 583 prepareRefresh - Refreshing org.springframework.boot.context.embedded.AnnotationConfigEmbeddedWebApplicationContext@2a7f1f10: startup date [Mon Feb 25 16:14:43 CST 2019]; root of context hierarchy
[2019-02-25 16:14:44] INFO  org.springframework.boot.context.embedded.tomcat.TomcatEmbeddedServletContainer 92 initialize - Tomcat initialized with port(s): 8080 (http)
[2019-02-25 16:14:44] INFO  org.apache.juli.logging.DirectJDKLog 180 log - Starting service [Tomcat]
[2019-02-25 16:14:44] INFO  org.apache.juli.logging.DirectJDKLog 180 log - Starting Servlet Engine: Apache Tomcat/8.5.31
[2019-02-25 16:14:44] INFO  org.apache.juli.logging.DirectJDKLog 180 log - Initializing Spring embedded WebApplicationContext
[2019-02-25 16:14:44] INFO  org.springframework.boot.context.embedded.EmbeddedWebApplicationContext 276 prepareEmbeddedWebApplicationContext - Root WebApplicationContext: initialization completed in 1124 ms
[2019-02-25 16:14:44] INFO  org.springframework.boot.web.servlet.ServletRegistrationBean 190 onStartup - Mapping servlet: 'dispatcherServlet' to [/]
[2019-02-25 16:14:44] INFO  org.springframework.boot.web.servlet.ServletRegistrationBean 190 onStartup - Mapping servlet: 'statViewServlet' to [/druid/*]
[2019-02-25 16:14:44] INFO  org.springframework.boot.web.servlet.AbstractFilterRegistrationBean 258 configure - Mapping filter: 'characterEncodingFilter' to: [/*]
[2019-02-25 16:14:44] INFO  org.springframework.boot.web.servlet.AbstractFilterRegistrationBean 258 configure - Mapping filter: 'hiddenHttpMethodFilter' to: [/*]
[2019-02-25 16:14:44] INFO  org.springframework.boot.web.servlet.AbstractFilterRegistrationBean 258 configure - Mapping filter: 'httpPutFormContentFilter' to: [/*]
[2019-02-25 16:14:44] INFO  org.springframework.boot.web.servlet.AbstractFilterRegistrationBean 258 configure - Mapping filter: 'requestContextFilter' to: [/*]
[2019-02-25 16:14:44] INFO  org.springframework.boot.web.servlet.AbstractFilterRegistrationBean 271 configure - Mapping filter: 'webStatFilter' to urls: [/*]
[2019-02-25 16:14:45] INFO  com.alibaba.druid.spring.boot.autoconfigure.DruidDataSourceAutoConfigure 56 dataSource - Init DruidDataSource
[2019-02-25 16:14:45] INFO  com.alibaba.druid.pool.DruidDataSource 930 init - {dataSource-1} inited
[2019-02-25 16:14:46] INFO  org.springframework.web.servlet.mvc.method.annotation.RequestMappingHandlerAdapter 534 initControllerAdviceCache - Looking for @ControllerAdvice: org.springframework.boot.context.embedded.AnnotationConfigEmbeddedWebApplicationContext@2a7f1f10: startup date [Mon Feb 25 16:14:43 CST 2019]; root of context hierarchy
[2019-02-25 16:14:46] INFO  org.springframework.web.servlet.handler.AbstractHandlerMethodMapping$MappingRegistry 543 register - Mapped "{[/article/add],methods=[POST]}" onto public com.daxie.daxie_api.core.Result com.daxie.daxie_api.controller.ArticleController.add(com.daxie.daxie_api.model.Article)
[2019-02-25 16:14:46] INFO  org.springframework.web.servlet.handler.AbstractHandlerMethodMapping$MappingRegistry 543 register - Mapped "{[/article/update],methods=[POST]}" onto public com.daxie.daxie_api.core.Result com.daxie.daxie_api.controller.ArticleController.update(com.daxie.daxie_api.model.Article)
[2019-02-25 16:14:46] INFO  org.springframework.web.servlet.handler.AbstractHandlerMethodMapping$MappingRegistry 543 register - Mapped "{[/article/delete],methods=[POST]}" onto public com.daxie.daxie_api.core.Result com.daxie.daxie_api.controller.ArticleController.delete(java.lang.Integer)
[2019-02-25 16:14:46] INFO  org.springframework.web.servlet.handler.AbstractHandlerMethodMapping$MappingRegistry 543 register - Mapped "{[/article/list],methods=[POST]}" onto public com.daxie.daxie_api.core.Result com.daxie.daxie_api.controller.ArticleController.list(java.lang.Integer,java.lang.Integer)
[2019-02-25 16:14:46] INFO  org.springframework.web.servlet.handler.AbstractHandlerMethodMapping$MappingRegistry 543 register - Mapped "{[/article/detail],methods=[POST]}" onto public com.daxie.daxie_api.core.Result com.daxie.daxie_api.controller.ArticleController.detail(java.lang.Integer)
[2019-02-25 16:14:46] INFO  org.springframework.web.servlet.handler.AbstractHandlerMethodMapping$MappingRegistry 543 register - Mapped "{[/comments/add],methods=[POST]}" onto public com.daxie.daxie_api.core.Result com.daxie.daxie_api.controller.CommentsController.add(com.daxie.daxie_api.model.Comments)
[2019-02-25 16:14:46] INFO  org.springframework.web.servlet.handler.AbstractHandlerMethodMapping$MappingRegistry 543 register - Mapped "{[/comments/update],methods=[POST]}" onto public com.daxie.daxie_api.core.Result com.daxie.daxie_api.controller.CommentsController.update(com.daxie.daxie_api.model.Comments)
[2019-02-25 16:14:46] INFO  org.springframework.web.servlet.handler.AbstractHandlerMethodMapping$MappingRegistry 543 register - Mapped "{[/comments/delete],methods=[POST]}" onto public com.daxie.daxie_api.core.Result com.daxie.daxie_api.controller.CommentsController.delete(java.lang.Integer)
[2019-02-25 16:14:46] INFO  org.springframework.web.servlet.handler.AbstractHandlerMethodMapping$MappingRegistry 543 register - Mapped "{[/comments/list],methods=[POST]}" onto public com.daxie.daxie_api.core.Result com.daxie.daxie_api.controller.CommentsController.list(java.lang.Integer,java.lang.Integer)
[2019-02-25 16:14:46] INFO  org.springframework.web.servlet.handler.AbstractHandlerMethodMapping$MappingRegistry 543 register - Mapped "{[/comments/detail],methods=[POST]}" onto public com.daxie.daxie_api.core.Result com.daxie.daxie_api.controller.CommentsController.detail(java.lang.Integer)
[2019-02-25 16:14:46] INFO  org.springframework.web.servlet.handler.AbstractHandlerMethodMapping$MappingRegistry 543 register - Mapped "{[/comments/getCommentList],methods=[POST]}" onto public com.daxie.daxie_api.core.Result com.daxie.daxie_api.controller.CommentsController.getCommentList(java.lang.String)
[2019-02-25 16:14:46] INFO  org.springframework.web.servlet.handler.AbstractHandlerMethodMapping$MappingRegistry 543 register - Mapped "{[/problem/add],methods=[POST]}" onto public com.daxie.daxie_api.core.Result com.daxie.daxie_api.controller.ProblemController.add(com.daxie.daxie_api.model.Problem)
[2019-02-25 16:14:46] INFO  org.springframework.web.servlet.handler.AbstractHandlerMethodMapping$MappingRegistry 543 register - Mapped "{[/problem/update],methods=[POST]}" onto public com.daxie.daxie_api.core.Result com.daxie.daxie_api.controller.ProblemController.update(com.daxie.daxie_api.model.Problem)
[2019-02-25 16:14:46] INFO  org.springframework.web.servlet.handler.AbstractHandlerMethodMapping$MappingRegistry 543 register - Mapped "{[/problem/delete],methods=[POST]}" onto public com.daxie.daxie_api.core.Result com.daxie.daxie_api.controller.ProblemController.delete(java.lang.Integer)
[2019-02-25 16:14:46] INFO  org.springframework.web.servlet.handler.AbstractHandlerMethodMapping$MappingRegistry 543 register - Mapped "{[/problem/list],methods=[POST]}" onto public com.daxie.daxie_api.core.Result com.daxie.daxie_api.controller.ProblemController.list(java.lang.Integer,java.lang.Integer)
[2019-02-25 16:14:46] INFO  org.springframework.web.servlet.handler.AbstractHandlerMethodMapping$MappingRegistry 543 register - Mapped "{[/problem/detail],methods=[POST]}" onto public com.daxie.daxie_api.core.Result com.daxie.daxie_api.controller.ProblemController.detail(java.lang.Integer)
[2019-02-25 16:14:46] INFO  org.springframework.web.servlet.handler.AbstractHandlerMethodMapping$MappingRegistry 543 register - Mapped "{[/relation/add],methods=[POST]}" onto public com.daxie.daxie_api.core.Result com.daxie.daxie_api.controller.RelationController.add(com.daxie.daxie_api.model.Relation)
[2019-02-25 16:14:46] INFO  org.springframework.web.servlet.handler.AbstractHandlerMethodMapping$MappingRegistry 543 register - Mapped "{[/relation/update],methods=[POST]}" onto public com.daxie.daxie_api.core.Result com.daxie.daxie_api.controller.RelationController.update(com.daxie.daxie_api.model.Relation)
[2019-02-25 16:14:46] INFO  org.springframework.web.servlet.handler.AbstractHandlerMethodMapping$MappingRegistry 543 register - Mapped "{[/relation/delete],methods=[POST]}" onto public com.daxie.daxie_api.core.Result com.daxie.daxie_api.controller.RelationController.delete(java.lang.Integer)
[2019-02-25 16:14:46] INFO  org.springframework.web.servlet.handler.AbstractHandlerMethodMapping$MappingRegistry 543 register - Mapped "{[/relation/list],methods=[POST]}" onto public com.daxie.daxie_api.core.Result com.daxie.daxie_api.controller.RelationController.list(java.lang.Integer,java.lang.Integer)
[2019-02-25 16:14:46] INFO  org.springframework.web.servlet.handler.AbstractHandlerMethodMapping$MappingRegistry 543 register - Mapped "{[/relation/detail],methods=[POST]}" onto public com.daxie.daxie_api.core.Result com.daxie.daxie_api.controller.RelationController.detail(java.lang.Integer)
[2019-02-25 16:14:46] INFO  org.springframework.web.servlet.handler.AbstractHandlerMethodMapping$MappingRegistry 543 register - Mapped "{[/relation/getFollew],methods=[POST]}" onto public com.daxie.daxie_api.core.Result com.daxie.daxie_api.controller.RelationController.getFollew(java.lang.String,java.lang.String)
[2019-02-25 16:14:46] INFO  org.springframework.web.servlet.handler.AbstractHandlerMethodMapping$MappingRegistry 543 register - Mapped "{[/reply/add],methods=[POST]}" onto public com.daxie.daxie_api.core.Result com.daxie.daxie_api.controller.ReplyController.add(com.daxie.daxie_api.model.Reply)
[2019-02-25 16:14:46] INFO  org.springframework.web.servlet.handler.AbstractHandlerMethodMapping$MappingRegistry 543 register - Mapped "{[/reply/update],methods=[POST]}" onto public com.daxie.daxie_api.core.Result com.daxie.daxie_api.controller.ReplyController.update(com.daxie.daxie_api.model.Reply)
[2019-02-25 16:14:46] INFO  org.springframework.web.servlet.handler.AbstractHandlerMethodMapping$MappingRegistry 543 register - Mapped "{[/reply/delete],methods=[POST]}" onto public com.daxie.daxie_api.core.Result com.daxie.daxie_api.controller.ReplyController.delete(java.lang.Integer)
[2019-02-25 16:14:46] INFO  org.springframework.web.servlet.handler.AbstractHandlerMethodMapping$MappingRegistry 543 register - Mapped "{[/reply/list],methods=[POST]}" onto public com.daxie.daxie_api.core.Result com.daxie.daxie_api.controller.ReplyController.list(java.lang.Integer,java.lang.Integer)
[2019-02-25 16:14:46] INFO  org.springframework.web.servlet.handler.AbstractHandlerMethodMapping$MappingRegistry 543 register - Mapped "{[/reply/detail],methods=[POST]}" onto public com.daxie.daxie_api.core.Result com.daxie.daxie_api.controller.ReplyController.detail(java.lang.Integer)
[2019-02-25 16:14:46] INFO  org.springframework.web.servlet.handler.AbstractHandlerMethodMapping$MappingRegistry 543 register - Mapped "{[/reply/getReply],methods=[POST]}" onto public com.daxie.daxie_api.core.Result com.daxie.daxie_api.controller.ReplyController.getReply(java.lang.String)
[2019-02-25 16:14:46] INFO  org.springframework.web.servlet.handler.AbstractHandlerMethodMapping$MappingRegistry 543 register - Mapped "{[/sort/add],methods=[POST]}" onto public com.daxie.daxie_api.core.Result com.daxie.daxie_api.controller.SortController.add(com.daxie.daxie_api.model.Sort)
[2019-02-25 16:14:46] INFO  org.springframework.web.servlet.handler.AbstractHandlerMethodMapping$MappingRegistry 543 register - Mapped "{[/sort/update],methods=[POST]}" onto public com.daxie.daxie_api.core.Result com.daxie.daxie_api.controller.SortController.update(com.daxie.daxie_api.model.Sort)
[2019-02-25 16:14:46] INFO  org.springframework.web.servlet.handler.AbstractHandlerMethodMapping$MappingRegistry 543 register - Mapped "{[/sort/delete],methods=[POST]}" onto public com.daxie.daxie_api.core.Result com.daxie.daxie_api.controller.SortController.delete(java.lang.Integer)
[2019-02-25 16:14:46] INFO  org.springframework.web.servlet.handler.AbstractHandlerMethodMapping$MappingRegistry 543 register - Mapped "{[/sort/list],methods=[POST]}" onto public com.daxie.daxie_api.core.Result com.daxie.daxie_api.controller.SortController.list(java.lang.Integer,java.lang.Integer)
[2019-02-25 16:14:46] INFO  org.springframework.web.servlet.handler.AbstractHandlerMethodMapping$MappingRegistry 543 register - Mapped "{[/sort/detail],methods=[POST]}" onto public com.daxie.daxie_api.core.Result com.daxie.daxie_api.controller.SortController.detail(java.lang.Integer)
[2019-02-25 16:14:46] INFO  org.springframework.web.servlet.handler.AbstractHandlerMethodMapping$MappingRegistry 543 register - Mapped "{[/user/add],methods=[POST]}" onto public com.daxie.daxie_api.core.Result com.daxie.daxie_api.controller.UserController.add(com.daxie.daxie_api.model.User)
[2019-02-25 16:14:46] INFO  org.springframework.web.servlet.handler.AbstractHandlerMethodMapping$MappingRegistry 543 register - Mapped "{[/user/register],methods=[POST]}" onto public com.daxie.daxie_api.core.Result com.daxie.daxie_api.controller.UserController.register(com.daxie.daxie_api.model.User)
[2019-02-25 16:14:46] INFO  org.springframework.web.servlet.handler.AbstractHandlerMethodMapping$MappingRegistry 543 register - Mapped "{[/user/update],methods=[POST]}" onto public com.daxie.daxie_api.core.Result com.daxie.daxie_api.controller.UserController.update(com.daxie.daxie_api.model.User)
[2019-02-25 16:14:46] INFO  org.springframework.web.servlet.handler.AbstractHandlerMethodMapping$MappingRegistry 543 register - Mapped "{[/user/delete],methods=[POST]}" onto public com.daxie.daxie_api.core.Result com.daxie.daxie_api.controller.UserController.delete(java.lang.Integer)
[2019-02-25 16:14:46] INFO  org.springframework.web.servlet.handler.AbstractHandlerMethodMapping$MappingRegistry 543 register - Mapped "{[/user/list],methods=[POST]}" onto public com.daxie.daxie_api.core.Result com.daxie.daxie_api.controller.UserController.list(java.lang.Integer,java.lang.Integer)
[2019-02-25 16:14:46] INFO  org.springframework.web.servlet.handler.AbstractHandlerMethodMapping$MappingRegistry 543 register - Mapped "{[/user/detail],methods=[POST]}" onto public com.daxie.daxie_api.core.Result com.daxie.daxie_api.controller.UserController.detail(java.lang.Integer)
[2019-02-25 16:14:46] INFO  org.springframework.web.servlet.handler.AbstractHandlerMethodMapping$MappingRegistry 543 register - Mapped "{[/user/getCode],methods=[POST]}" onto public com.daxie.daxie_api.core.Result com.daxie.daxie_api.controller.UserController.getCode(java.lang.String)
[2019-02-25 16:14:46] INFO  org.springframework.web.servlet.handler.AbstractHandlerMethodMapping$MappingRegistry 543 register - Mapped "{[/user/login],methods=[POST]}" onto public com.daxie.daxie_api.core.Result com.daxie.daxie_api.controller.UserController.login(com.daxie.daxie_api.model.User)
[2019-02-25 16:14:46] INFO  org.springframework.web.servlet.handler.AbstractHandlerMethodMapping$MappingRegistry 543 register - Mapped "{[/user/uploadImage],methods=[POST]}" onto public com.daxie.daxie_api.core.Result com.daxie.daxie_api.controller.UserController.uploadImage(org.springframework.web.multipart.MultipartFile,com.daxie.daxie_api.model.User)
[2019-02-25 16:14:46] INFO  org.springframework.web.servlet.handler.AbstractHandlerMethodMapping$MappingRegistry 543 register - Mapped "{[/error]}" onto public org.springframework.http.ResponseEntity<java.util.Map<java.lang.String, java.lang.Object>> org.springframework.boot.autoconfigure.web.BasicErrorController.error(javax.servlet.http.HttpServletRequest)
[2019-02-25 16:14:46] INFO  org.springframework.web.servlet.handler.AbstractHandlerMethodMapping$MappingRegistry 543 register - Mapped "{[/error],produces=[text/html]}" onto public org.springframework.web.servlet.ModelAndView org.springframework.boot.autoconfigure.web.BasicErrorController.errorHtml(javax.servlet.http.HttpServletRequest,javax.servlet.http.HttpServletResponse)
[2019-02-25 16:14:46] INFO  org.springframework.web.servlet.handler.AbstractUrlHandlerMapping 362 registerHandler - Mapped URL path [/webjars/**] onto handler of type [class org.springframework.web.servlet.resource.ResourceHttpRequestHandler]
[2019-02-25 16:14:46] INFO  org.springframework.web.servlet.handler.AbstractUrlHandlerMapping 362 registerHandler - Mapped URL path [/**] onto handler of type [class org.springframework.web.servlet.resource.ResourceHttpRequestHandler]
[2019-02-25 16:14:46] INFO  org.springframework.web.servlet.handler.AbstractUrlHandlerMapping 362 registerHandler - Mapped URL path [/**/favicon.ico] onto handler of type [class org.springframework.web.servlet.resource.ResourceHttpRequestHandler]
[2019-02-25 16:14:46] INFO  org.springframework.jmx.export.MBeanExporter 431 afterSingletonsInstantiated - Registering beans for JMX exposure on startup
[2019-02-25 16:14:46] INFO  org.springframework.jmx.export.MBeanExporter 918 autodetect - Bean with name 'statFilter' has been autodetected for JMX exposure
[2019-02-25 16:14:46] INFO  org.springframework.jmx.export.MBeanExporter 918 autodetect - Bean with name 'dataSource' has been autodetected for JMX exposure
[2019-02-25 16:14:46] INFO  org.springframework.jmx.export.MBeanExporter 672 registerBeanInstance - Located MBean 'dataSource': registering with JMX server as MBean [com.alibaba.druid.spring.boot.autoconfigure:name=dataSource,type=DruidDataSourceWrapper]
[2019-02-25 16:14:46] INFO  org.springframework.jmx.export.MBeanExporter 672 registerBeanInstance - Located MBean 'statFilter': registering with JMX server as MBean [com.alibaba.druid.filter.stat:name=statFilter,type=StatFilter]
[2019-02-25 16:14:46] INFO  org.springframework.boot.context.embedded.tomcat.TomcatEmbeddedServletContainer 216 start - Tomcat started on port(s): 8080 (http)
[2019-02-25 16:14:46] INFO  org.springframework.boot.StartupInfoLogger 57 logStarted - Started Application in 3.863 seconds (JVM running for 4.947)
[2019-02-25 16:29:45] INFO  org.springframework.boot.StartupInfoLogger 48 logStarting - Starting Application on DZ-20180712LHOU with PID 4948 (D:\JavaLunzi\daxie_api\target\classes started by Administrator in D:\JavaLunzi\daxie_api)
[2019-02-25 16:29:45] INFO  org.springframework.boot.SpringApplication 597 logStartupProfileInfo - The following profiles are active: dev
[2019-02-25 16:29:46] INFO  org.springframework.context.support.AbstractApplicationContext 583 prepareRefresh - Refreshing org.springframework.boot.context.embedded.AnnotationConfigEmbeddedWebApplicationContext@298a5e20: startup date [Mon Feb 25 16:29:46 CST 2019]; root of context hierarchy
[2019-02-25 16:29:46] INFO  org.springframework.boot.context.embedded.tomcat.TomcatEmbeddedServletContainer 92 initialize - Tomcat initialized with port(s): 8080 (http)
[2019-02-25 16:29:47] INFO  org.apache.juli.logging.DirectJDKLog 180 log - Starting service [Tomcat]
[2019-02-25 16:29:47] INFO  org.apache.juli.logging.DirectJDKLog 180 log - Starting Servlet Engine: Apache Tomcat/8.5.31
[2019-02-25 16:29:47] INFO  org.apache.juli.logging.DirectJDKLog 180 log - Initializing Spring embedded WebApplicationContext
[2019-02-25 16:29:47] INFO  org.springframework.boot.context.embedded.EmbeddedWebApplicationContext 276 prepareEmbeddedWebApplicationContext - Root WebApplicationContext: initialization completed in 1094 ms
[2019-02-25 16:29:47] INFO  org.springframework.boot.web.servlet.ServletRegistrationBean 190 onStartup - Mapping servlet: 'dispatcherServlet' to [/]
[2019-02-25 16:29:47] INFO  org.springframework.boot.web.servlet.ServletRegistrationBean 190 onStartup - Mapping servlet: 'statViewServlet' to [/druid/*]
[2019-02-25 16:29:47] INFO  org.springframework.boot.web.servlet.AbstractFilterRegistrationBean 258 configure - Mapping filter: 'characterEncodingFilter' to: [/*]
[2019-02-25 16:29:47] INFO  org.springframework.boot.web.servlet.AbstractFilterRegistrationBean 258 configure - Mapping filter: 'hiddenHttpMethodFilter' to: [/*]
[2019-02-25 16:29:47] INFO  org.springframework.boot.web.servlet.AbstractFilterRegistrationBean 258 configure - Mapping filter: 'httpPutFormContentFilter' to: [/*]
[2019-02-25 16:29:47] INFO  org.springframework.boot.web.servlet.AbstractFilterRegistrationBean 258 configure - Mapping filter: 'requestContextFilter' to: [/*]
[2019-02-25 16:29:47] INFO  org.springframework.boot.web.servlet.AbstractFilterRegistrationBean 271 configure - Mapping filter: 'webStatFilter' to urls: [/*]
[2019-02-25 16:29:47] INFO  com.alibaba.druid.spring.boot.autoconfigure.DruidDataSourceAutoConfigure 56 dataSource - Init DruidDataSource
[2019-02-25 16:29:48] INFO  com.alibaba.druid.pool.DruidDataSource 930 init - {dataSource-1} inited
[2019-02-25 16:29:48] INFO  org.springframework.web.servlet.mvc.method.annotation.RequestMappingHandlerAdapter 534 initControllerAdviceCache - Looking for @ControllerAdvice: org.springframework.boot.context.embedded.AnnotationConfigEmbeddedWebApplicationContext@298a5e20: startup date [Mon Feb 25 16:29:46 CST 2019]; root of context hierarchy
[2019-02-25 16:29:48] INFO  org.springframework.web.servlet.handler.AbstractHandlerMethodMapping$MappingRegistry 543 register - Mapped "{[/article/add],methods=[POST]}" onto public com.daxie.daxie_api.core.Result com.daxie.daxie_api.controller.ArticleController.add(com.daxie.daxie_api.model.Article)
[2019-02-25 16:29:48] INFO  org.springframework.web.servlet.handler.AbstractHandlerMethodMapping$MappingRegistry 543 register - Mapped "{[/article/update],methods=[POST]}" onto public com.daxie.daxie_api.core.Result com.daxie.daxie_api.controller.ArticleController.update(com.daxie.daxie_api.model.Article)
[2019-02-25 16:29:48] INFO  org.springframework.web.servlet.handler.AbstractHandlerMethodMapping$MappingRegistry 543 register - Mapped "{[/article/delete],methods=[POST]}" onto public com.daxie.daxie_api.core.Result com.daxie.daxie_api.controller.ArticleController.delete(java.lang.Integer)
[2019-02-25 16:29:48] INFO  org.springframework.web.servlet.handler.AbstractHandlerMethodMapping$MappingRegistry 543 register - Mapped "{[/article/list],methods=[POST]}" onto public com.daxie.daxie_api.core.Result com.daxie.daxie_api.controller.ArticleController.list(java.lang.Integer,java.lang.Integer)
[2019-02-25 16:29:48] INFO  org.springframework.web.servlet.handler.AbstractHandlerMethodMapping$MappingRegistry 543 register - Mapped "{[/article/detail],methods=[POST]}" onto public com.daxie.daxie_api.core.Result com.daxie.daxie_api.controller.ArticleController.detail(java.lang.Integer)
[2019-02-25 16:29:48] INFO  org.springframework.web.servlet.handler.AbstractHandlerMethodMapping$MappingRegistry 543 register - Mapped "{[/comments/add],methods=[POST]}" onto public com.daxie.daxie_api.core.Result com.daxie.daxie_api.controller.CommentsController.add(com.daxie.daxie_api.model.Comments)
[2019-02-25 16:29:48] INFO  org.springframework.web.servlet.handler.AbstractHandlerMethodMapping$MappingRegistry 543 register - Mapped "{[/comments/update],methods=[POST]}" onto public com.daxie.daxie_api.core.Result com.daxie.daxie_api.controller.CommentsController.update(com.daxie.daxie_api.model.Comments)
[2019-02-25 16:29:48] INFO  org.springframework.web.servlet.handler.AbstractHandlerMethodMapping$MappingRegistry 543 register - Mapped "{[/comments/delete],methods=[POST]}" onto public com.daxie.daxie_api.core.Result com.daxie.daxie_api.controller.CommentsController.delete(java.lang.Integer)
[2019-02-25 16:29:48] INFO  org.springframework.web.servlet.handler.AbstractHandlerMethodMapping$MappingRegistry 543 register - Mapped "{[/comments/list],methods=[POST]}" onto public com.daxie.daxie_api.core.Result com.daxie.daxie_api.controller.CommentsController.list(java.lang.Integer,java.lang.Integer)
[2019-02-25 16:29:48] INFO  org.springframework.web.servlet.handler.AbstractHandlerMethodMapping$MappingRegistry 543 register - Mapped "{[/comments/detail],methods=[POST]}" onto public com.daxie.daxie_api.core.Result com.daxie.daxie_api.controller.CommentsController.detail(java.lang.Integer)
[2019-02-25 16:29:48] INFO  org.springframework.web.servlet.handler.AbstractHandlerMethodMapping$MappingRegistry 543 register - Mapped "{[/comments/getCommentList],methods=[POST]}" onto public com.daxie.daxie_api.core.Result com.daxie.daxie_api.controller.CommentsController.getCommentList(java.lang.String)
[2019-02-25 16:29:48] INFO  org.springframework.web.servlet.handler.AbstractHandlerMethodMapping$MappingRegistry 543 register - Mapped "{[/problem/add],methods=[POST]}" onto public com.daxie.daxie_api.core.Result com.daxie.daxie_api.controller.ProblemController.add(com.daxie.daxie_api.model.Problem)
[2019-02-25 16:29:48] INFO  org.springframework.web.servlet.handler.AbstractHandlerMethodMapping$MappingRegistry 543 register - Mapped "{[/problem/update],methods=[POST]}" onto public com.daxie.daxie_api.core.Result com.daxie.daxie_api.controller.ProblemController.update(com.daxie.daxie_api.model.Problem)
[2019-02-25 16:29:48] INFO  org.springframework.web.servlet.handler.AbstractHandlerMethodMapping$MappingRegistry 543 register - Mapped "{[/problem/delete],methods=[POST]}" onto public com.daxie.daxie_api.core.Result com.daxie.daxie_api.controller.ProblemController.delete(java.lang.Integer)
[2019-02-25 16:29:48] INFO  org.springframework.web.servlet.handler.AbstractHandlerMethodMapping$MappingRegistry 543 register - Mapped "{[/problem/list],methods=[POST]}" onto public com.daxie.daxie_api.core.Result com.daxie.daxie_api.controller.ProblemController.list(java.lang.Integer,java.lang.Integer)
[2019-02-25 16:29:48] INFO  org.springframework.web.servlet.handler.AbstractHandlerMethodMapping$MappingRegistry 543 register - Mapped "{[/problem/detail],methods=[POST]}" onto public com.daxie.daxie_api.core.Result com.daxie.daxie_api.controller.ProblemController.detail(java.lang.Integer)
[2019-02-25 16:29:48] INFO  org.springframework.web.servlet.handler.AbstractHandlerMethodMapping$MappingRegistry 543 register - Mapped "{[/relation/add],methods=[POST]}" onto public com.daxie.daxie_api.core.Result com.daxie.daxie_api.controller.RelationController.add(com.daxie.daxie_api.model.Relation)
[2019-02-25 16:29:48] INFO  org.springframework.web.servlet.handler.AbstractHandlerMethodMapping$MappingRegistry 543 register - Mapped "{[/relation/update],methods=[POST]}" onto public com.daxie.daxie_api.core.Result com.daxie.daxie_api.controller.RelationController.update(com.daxie.daxie_api.model.Relation)
[2019-02-25 16:29:48] INFO  org.springframework.web.servlet.handler.AbstractHandlerMethodMapping$MappingRegistry 543 register - Mapped "{[/relation/delete],methods=[POST]}" onto public com.daxie.daxie_api.core.Result com.daxie.daxie_api.controller.RelationController.delete(java.lang.Integer)
[2019-02-25 16:29:48] INFO  org.springframework.web.servlet.handler.AbstractHandlerMethodMapping$MappingRegistry 543 register - Mapped "{[/relation/list],methods=[POST]}" onto public com.daxie.daxie_api.core.Result com.daxie.daxie_api.controller.RelationController.list(java.lang.Integer,java.lang.Integer)
[2019-02-25 16:29:48] INFO  org.springframework.web.servlet.handler.AbstractHandlerMethodMapping$MappingRegistry 543 register - Mapped "{[/relation/detail],methods=[POST]}" onto public com.daxie.daxie_api.core.Result com.daxie.daxie_api.controller.RelationController.detail(java.lang.Integer)
[2019-02-25 16:29:48] INFO  org.springframework.web.servlet.handler.AbstractHandlerMethodMapping$MappingRegistry 543 register - Mapped "{[/relation/getFollew],methods=[POST]}" onto public com.daxie.daxie_api.core.Result com.daxie.daxie_api.controller.RelationController.getFollew(java.lang.String,java.lang.String)
[2019-02-25 16:29:48] INFO  org.springframework.web.servlet.handler.AbstractHandlerMethodMapping$MappingRegistry 543 register - Mapped "{[/reply/add],methods=[POST]}" onto public com.daxie.daxie_api.core.Result com.daxie.daxie_api.controller.ReplyController.add(com.daxie.daxie_api.model.Reply)
[2019-02-25 16:29:48] INFO  org.springframework.web.servlet.handler.AbstractHandlerMethodMapping$MappingRegistry 543 register - Mapped "{[/reply/update],methods=[POST]}" onto public com.daxie.daxie_api.core.Result com.daxie.daxie_api.controller.ReplyController.update(com.daxie.daxie_api.model.Reply)
[2019-02-25 16:29:48] INFO  org.springframework.web.servlet.handler.AbstractHandlerMethodMapping$MappingRegistry 543 register - Mapped "{[/reply/delete],methods=[POST]}" onto public com.daxie.daxie_api.core.Result com.daxie.daxie_api.controller.ReplyController.delete(java.lang.Integer)
[2019-02-25 16:29:48] INFO  org.springframework.web.servlet.handler.AbstractHandlerMethodMapping$MappingRegistry 543 register - Mapped "{[/reply/list],methods=[POST]}" onto public com.daxie.daxie_api.core.Result com.daxie.daxie_api.controller.ReplyController.list(java.lang.Integer,java.lang.Integer)
[2019-02-25 16:29:48] INFO  org.springframework.web.servlet.handler.AbstractHandlerMethodMapping$MappingRegistry 543 register - Mapped "{[/reply/detail],methods=[POST]}" onto public com.daxie.daxie_api.core.Result com.daxie.daxie_api.controller.ReplyController.detail(java.lang.Integer)
[2019-02-25 16:29:48] INFO  org.springframework.web.servlet.handler.AbstractHandlerMethodMapping$MappingRegistry 543 register - Mapped "{[/reply/getReply],methods=[POST]}" onto public com.daxie.daxie_api.core.Result com.daxie.daxie_api.controller.ReplyController.getReply(java.lang.String)
[2019-02-25 16:29:48] INFO  org.springframework.web.servlet.handler.AbstractHandlerMethodMapping$MappingRegistry 543 register - Mapped "{[/sort/add],methods=[POST]}" onto public com.daxie.daxie_api.core.Result com.daxie.daxie_api.controller.SortController.add(com.daxie.daxie_api.model.Sort)
[2019-02-25 16:29:48] INFO  org.springframework.web.servlet.handler.AbstractHandlerMethodMapping$MappingRegistry 543 register - Mapped "{[/sort/update],methods=[POST]}" onto public com.daxie.daxie_api.core.Result com.daxie.daxie_api.controller.SortController.update(com.daxie.daxie_api.model.Sort)
[2019-02-25 16:29:48] INFO  org.springframework.web.servlet.handler.AbstractHandlerMethodMapping$MappingRegistry 543 register - Mapped "{[/sort/delete],methods=[POST]}" onto public com.daxie.daxie_api.core.Result com.daxie.daxie_api.controller.SortController.delete(java.lang.Integer)
[2019-02-25 16:29:48] INFO  org.springframework.web.servlet.handler.AbstractHandlerMethodMapping$MappingRegistry 543 register - Mapped "{[/sort/list],methods=[POST]}" onto public com.daxie.daxie_api.core.Result com.daxie.daxie_api.controller.SortController.list(java.lang.Integer,java.lang.Integer)
[2019-02-25 16:29:48] INFO  org.springframework.web.servlet.handler.AbstractHandlerMethodMapping$MappingRegistry 543 register - Mapped "{[/sort/detail],methods=[POST]}" onto public com.daxie.daxie_api.core.Result com.daxie.daxie_api.controller.SortController.detail(java.lang.Integer)
[2019-02-25 16:29:48] INFO  org.springframework.web.servlet.handler.AbstractHandlerMethodMapping$MappingRegistry 543 register - Mapped "{[/user/add],methods=[POST]}" onto public com.daxie.daxie_api.core.Result com.daxie.daxie_api.controller.UserController.add(com.daxie.daxie_api.model.User)
[2019-02-25 16:29:48] INFO  org.springframework.web.servlet.handler.AbstractHandlerMethodMapping$MappingRegistry 543 register - Mapped "{[/user/register],methods=[POST]}" onto public com.daxie.daxie_api.core.Result com.daxie.daxie_api.controller.UserController.register(com.daxie.daxie_api.model.User)
[2019-02-25 16:29:48] INFO  org.springframework.web.servlet.handler.AbstractHandlerMethodMapping$MappingRegistry 543 register - Mapped "{[/user/update],methods=[POST]}" onto public com.daxie.daxie_api.core.Result com.daxie.daxie_api.controller.UserController.update(com.daxie.daxie_api.model.User)
[2019-02-25 16:29:48] INFO  org.springframework.web.servlet.handler.AbstractHandlerMethodMapping$MappingRegistry 543 register - Mapped "{[/user/delete],methods=[POST]}" onto public com.daxie.daxie_api.core.Result com.daxie.daxie_api.controller.UserController.delete(java.lang.Integer)
[2019-02-25 16:29:48] INFO  org.springframework.web.servlet.handler.AbstractHandlerMethodMapping$MappingRegistry 543 register - Mapped "{[/user/list],methods=[POST]}" onto public com.daxie.daxie_api.core.Result com.daxie.daxie_api.controller.UserController.list(java.lang.Integer,java.lang.Integer)
[2019-02-25 16:29:48] INFO  org.springframework.web.servlet.handler.AbstractHandlerMethodMapping$MappingRegistry 543 register - Mapped "{[/user/detail],methods=[POST]}" onto public com.daxie.daxie_api.core.Result com.daxie.daxie_api.controller.UserController.detail(java.lang.Integer)
[2019-02-25 16:29:48] INFO  org.springframework.web.servlet.handler.AbstractHandlerMethodMapping$MappingRegistry 543 register - Mapped "{[/user/getCode],methods=[POST]}" onto public com.daxie.daxie_api.core.Result com.daxie.daxie_api.controller.UserController.getCode(java.lang.String)
[2019-02-25 16:29:48] INFO  org.springframework.web.servlet.handler.AbstractHandlerMethodMapping$MappingRegistry 543 register - Mapped "{[/user/login],methods=[POST]}" onto public com.daxie.daxie_api.core.Result com.daxie.daxie_api.controller.UserController.login(com.daxie.daxie_api.model.User)
[2019-02-25 16:29:48] INFO  org.springframework.web.servlet.handler.AbstractHandlerMethodMapping$MappingRegistry 543 register - Mapped "{[/user/uploadImage],methods=[POST]}" onto public com.daxie.daxie_api.core.Result com.daxie.daxie_api.controller.UserController.uploadImage(org.springframework.web.multipart.MultipartFile,com.daxie.daxie_api.model.User)
[2019-02-25 16:29:48] INFO  org.springframework.web.servlet.handler.AbstractHandlerMethodMapping$MappingRegistry 543 register - Mapped "{[/error]}" onto public org.springframework.http.ResponseEntity<java.util.Map<java.lang.String, java.lang.Object>> org.springframework.boot.autoconfigure.web.BasicErrorController.error(javax.servlet.http.HttpServletRequest)
[2019-02-25 16:29:48] INFO  org.springframework.web.servlet.handler.AbstractHandlerMethodMapping$MappingRegistry 543 register - Mapped "{[/error],produces=[text/html]}" onto public org.springframework.web.servlet.ModelAndView org.springframework.boot.autoconfigure.web.BasicErrorController.errorHtml(javax.servlet.http.HttpServletRequest,javax.servlet.http.HttpServletResponse)
[2019-02-25 16:29:49] INFO  org.springframework.web.servlet.handler.AbstractUrlHandlerMapping 362 registerHandler - Mapped URL path [/webjars/**] onto handler of type [class org.springframework.web.servlet.resource.ResourceHttpRequestHandler]
[2019-02-25 16:29:49] INFO  org.springframework.web.servlet.handler.AbstractUrlHandlerMapping 362 registerHandler - Mapped URL path [/**] onto handler of type [class org.springframework.web.servlet.resource.ResourceHttpRequestHandler]
[2019-02-25 16:29:49] INFO  org.springframework.web.servlet.handler.AbstractUrlHandlerMapping 362 registerHandler - Mapped URL path [/**/favicon.ico] onto handler of type [class org.springframework.web.servlet.resource.ResourceHttpRequestHandler]
[2019-02-25 16:29:49] INFO  org.springframework.jmx.export.MBeanExporter 431 afterSingletonsInstantiated - Registering beans for JMX exposure on startup
[2019-02-25 16:29:49] INFO  org.springframework.jmx.export.MBeanExporter 918 autodetect - Bean with name 'statFilter' has been autodetected for JMX exposure
[2019-02-25 16:29:49] INFO  org.springframework.jmx.export.MBeanExporter 918 autodetect - Bean with name 'dataSource' has been autodetected for JMX exposure
[2019-02-25 16:29:49] INFO  org.springframework.jmx.export.MBeanExporter 672 registerBeanInstance - Located MBean 'dataSource': registering with JMX server as MBean [com.alibaba.druid.spring.boot.autoconfigure:name=dataSource,type=DruidDataSourceWrapper]
[2019-02-25 16:29:49] INFO  org.springframework.jmx.export.MBeanExporter 672 registerBeanInstance - Located MBean 'statFilter': registering with JMX server as MBean [com.alibaba.druid.filter.stat:name=statFilter,type=StatFilter]
[2019-02-25 16:29:49] INFO  org.springframework.boot.context.embedded.tomcat.TomcatEmbeddedServletContainer 216 start - Tomcat started on port(s): 8080 (http)
[2019-02-25 16:29:49] INFO  org.springframework.boot.StartupInfoLogger 57 logStarted - Started Application in 3.885 seconds (JVM running for 4.625)
